<?xml version="1.0" encoding="UTF-8"?>
<!-- Generated by org.testng.reporters.JUnitXMLReporter -->
<testsuite hostname="DESKTOP-CK5OVN5" ignored="0" name="Signup" tests="3" failures="2" timestamp="2020-09-23T16:23:40 IST" time="45.94" errors="0">
  <testcase name="Title_verification" time="0.015" classname="freecrm.Signup">
    <failure type="java.lang.StackOverflowError">
      <![CDATA[java.lang.StackOverflowError
at freecrm.Signup.Title_verification(Signup.java:32)
at freecrm.Signup.Title_verification(Signup.java:32)
at freecrm.Signup.Title_verification(Signup.java:32)
at freecrm.Signup.Title_verification(Signup.java:32)
at freecrm.Signup.Title_verification(Signup.java:32)
at freecrm.Signup.Title_verification(Signup.java:32)
at freecrm.Signup.Title_verification(Signup.java:32)
at freecrm.Signup.Title_verification(Signup.java:32)
at freecrm.Signup.Title_verification(Signup.java:32)
at freecrm.Signup.Title_verification(Signup.java:32)
at freecrm.Signup.Title_verification(Signup.java:32)
at freecrm.Signup.Title_verification(Signup.java:32)
at freecrm.Signup.Title_verification(Signup.java:32)
at freecrm.Signup.Title_verification(Signup.java:32)
at freecrm.Signup.Title_verification(Signup.java:32)
at freecrm.Signup.Title_verification(Signup.java:32)
at freecrm.Signup.Title_verification(Signup.java:32)
at freecrm.Signup.Title_verification(Signup.java:32)
at freecrm.Signup.Title_verification(Signup.java:32)
at freecrm.Signup.Title_verification(Signup.java:32)
at freecrm.Signup.Title_verification(Signup.java:32)
at freecrm.Signup.Title_verification(Signup.java:32)
at freecrm.Signup.Title_verification(Signup.java:32)
at freecrm.Signup.Title_verification(Signup.java:32)
at freecrm.Signup.Title_verification(Signup.java:32)
at freecrm.Signup.Title_verification(Signup.java:32)
at freecrm.Signup.Title_verification(Signup.java:32)
at freecrm.Signup.Title_verification(Signup.java:32)
at freecrm.Signup.Title_verification(Signup.java:32)
at freecrm.Signup.Title_verification(Signup.java:32)
at freecrm.Signup.Title_verification(Signup.java:32)
at freecrm.Signup.Title_verification(Signup.java:32)
at freecrm.Signup.Title_verification(Signup.java:32)
at freecrm.Signup.Title_verification(Signup.java:32)
at freecrm.Signup.Title_verification(Signup.java:32)
at freecrm.Signup.Title_verification(Signup.java:32)
at freecrm.Signup.Title_verification(Signup.java:32)
at freecrm.Signup.Title_verification(Signup.java:32)
at freecrm.Signup.Title_verification(Signup.java:32)
at freecrm.Signup.Title_verification(Signup.java:32)
at freecrm.Signup.Title_verification(Signup.java:32)
at freecrm.Signup.Title_verification(Signup.java:32)
at freecrm.Signup.Title_verification(Signup.java:32)
at freecrm.Signup.Title_verification(Signup.java:32)
at freecrm.Signup.Title_verification(Signup.java:32)
at freecrm.Signup.Title_verification(Signup.java:32)
at freecrm.Signup.Title_verification(Signup.java:32)
at freecrm.Signup.Title_verification(Signup.java:32)
at freecrm.Signup.Title_verification(Signup.java:32)
at freecrm.Signup.Title_verification(Signup.java:32)
at freecrm.Signup.Title_verification(Signup.java:32)
at freecrm.Signup.Title_verification(Signup.java:32)
at freecrm.Signup.Title_verification(Signup.java:32)
at freecrm.Signup.Title_verification(Signup.java:32)
at freecrm.Signup.Title_verification(Signup.java:32)
at freecrm.Signup.Title_verification(Signup.java:32)
at freecrm.Signup.Title_verification(Signup.java:32)
at freecrm.Signup.Title_verification(Signup.java:32)
at freecrm.Signup.Title_verification(Signup.java:32)
at freecrm.Signup.Title_verification(Signup.java:32)
at freecrm.Signup.Title_verification(Signup.java:32)
at freecrm.Signup.Title_verification(Signup.java:32)
at freecrm.Signup.Title_verification(Signup.java:32)
at freecrm.Signup.Title_verification(Signup.java:32)
at freecrm.Signup.Title_verification(Signup.java:32)
at freecrm.Signup.Title_verification(Signup.java:32)
at freecrm.Signup.Title_verification(Signup.java:32)
at freecrm.Signup.Title_verification(Signup.java:32)
at freecrm.Signup.Title_verification(Signup.java:32)
at freecrm.Signup.Title_verification(Signup.java:32)
at freecrm.Signup.Title_verification(Signup.java:32)
at freecrm.Signup.Title_verification(Signup.java:32)
at freecrm.Signup.Title_verification(Signup.java:32)
at freecrm.Signup.Title_verification(Signup.java:32)
at freecrm.Signup.Title_verification(Signup.java:32)
at freecrm.Signup.Title_verification(Signup.java:32)
at freecrm.Signup.Title_verification(Signup.java:32)
at freecrm.Signup.Title_verification(Signup.java:32)
at freecrm.Signup.Title_verification(Signup.java:32)
at freecrm.Signup.Title_verification(Signup.java:32)
at freecrm.Signup.Title_verification(Signup.java:32)
at freecrm.Signup.Title_verification(Signup.java:32)
at freecrm.Signup.Title_verification(Signup.java:32)
at freecrm.Signup.Title_verification(Signup.java:32)
at freecrm.Signup.Title_verification(Signup.java:32)
at freecrm.Signup.Title_verification(Signup.java:32)
at freecrm.Signup.Title_verification(Signup.java:32)
at freecrm.Signup.Title_verification(Signup.java:32)
at freecrm.Signup.Title_verification(Signup.java:32)
at freecrm.Signup.Title_verification(Signup.java:32)
at freecrm.Signup.Title_verification(Signup.java:32)
at freecrm.Signup.Title_verification(Signup.java:32)
at freecrm.Signup.Title_verification(Signup.java:32)
at freecrm.Signup.Title_verification(Signup.java:32)
at freecrm.Signup.Title_verification(Signup.java:32)
at freecrm.Signup.Title_verification(Signup.java:32)
at freecrm.Signup.Title_verification(Signup.java:32)
at freecrm.Signup.Title_verification(Signup.java:32)
at freecrm.Signup.Title_verification(Signup.java:32)
at freecrm.Signup.Title_verification(Signup.java:32)
at freecrm.Signup.Title_verification(Signup.java:32)
at freecrm.Signup.Title_verification(Signup.java:32)
at freecrm.Signup.Title_verification(Signup.java:32)
at freecrm.Signup.Title_verification(Signup.java:32)
at freecrm.Signup.Title_verification(Signup.java:32)
at freecrm.Signup.Title_verification(Signup.java:32)
at freecrm.Signup.Title_verification(Signup.java:32)
at freecrm.Signup.Title_verification(Signup.java:32)
at freecrm.Signup.Title_verification(Signup.java:32)
at freecrm.Signup.Title_verification(Signup.java:32)
at freecrm.Signup.Title_verification(Signup.java:32)
at freecrm.Signup.Title_verification(Signup.java:32)
at freecrm.Signup.Title_verification(Signup.java:32)
at freecrm.Signup.Title_verification(Signup.java:32)
at freecrm.Signup.Title_verification(Signup.java:32)
at freecrm.Signup.Title_verification(Signup.java:32)
at freecrm.Signup.Title_verification(Signup.java:32)
at freecrm.Signup.Title_verification(Signup.java:32)
at freecrm.Signup.Title_verification(Signup.java:32)
at freecrm.Signup.Title_verification(Signup.java:32)
at freecrm.Signup.Title_verification(Signup.java:32)
at freecrm.Signup.Title_verification(Signup.java:32)
at freecrm.Signup.Title_verification(Signup.java:32)
at freecrm.Signup.Title_verification(Signup.java:32)
at freecrm.Signup.Title_verification(Signup.java:32)
at freecrm.Signup.Title_verification(Signup.java:32)
at freecrm.Signup.Title_verification(Signup.java:32)
at freecrm.Signup.Title_verification(Signup.java:32)
at freecrm.Signup.Title_verification(Signup.java:32)
at freecrm.Signup.Title_verification(Signup.java:32)
at freecrm.Signup.Title_verification(Signup.java:32)
at freecrm.Signup.Title_verification(Signup.java:32)
at freecrm.Signup.Title_verification(Signup.java:32)
at freecrm.Signup.Title_verification(Signup.java:32)
at freecrm.Signup.Title_verification(Signup.java:32)
at freecrm.Signup.Title_verification(Signup.java:32)
at freecrm.Signup.Title_verification(Signup.java:32)
at freecrm.Signup.Title_verification(Signup.java:32)
at freecrm.Signup.Title_verification(Signup.java:32)
at freecrm.Signup.Title_verification(Signup.java:32)
at freecrm.Signup.Title_verification(Signup.java:32)
at freecrm.Signup.Title_verification(Signup.java:32)
at freecrm.Signup.Title_verification(Signup.java:32)
at freecrm.Signup.Title_verification(Signup.java:32)
at freecrm.Signup.Title_verification(Signup.java:32)
at freecrm.Signup.Title_verification(Signup.java:32)
at freecrm.Signup.Title_verification(Signup.java:32)
at freecrm.Signup.Title_verification(Signup.java:32)
at freecrm.Signup.Title_verification(Signup.java:32)
at freecrm.Signup.Title_verification(Signup.java:32)
at freecrm.Signup.Title_verification(Signup.java:32)
at freecrm.Signup.Title_verification(Signup.java:32)
at freecrm.Signup.Title_verification(Signup.java:32)
at freecrm.Signup.Title_verification(Signup.java:32)
at freecrm.Signup.Title_verification(Signup.java:32)
at freecrm.Signup.Title_verification(Signup.java:32)
at freecrm.Signup.Title_verification(Signup.java:32)
at freecrm.Signup.Title_verification(Signup.java:32)
at freecrm.Signup.Title_verification(Signup.java:32)
at freecrm.Signup.Title_verification(Signup.java:32)
at freecrm.Signup.Title_verification(Signup.java:32)
at freecrm.Signup.Title_verification(Signup.java:32)
at freecrm.Signup.Title_verification(Signup.java:32)
at freecrm.Signup.Title_verification(Signup.java:32)
at freecrm.Signup.Title_verification(Signup.java:32)
at freecrm.Signup.Title_verification(Signup.java:32)
at freecrm.Signup.Title_verification(Signup.java:32)
at freecrm.Signup.Title_verification(Signup.java:32)
at freecrm.Signup.Title_verification(Signup.java:32)
at freecrm.Signup.Title_verification(Signup.java:32)
at freecrm.Signup.Title_verification(Signup.java:32)
at freecrm.Signup.Title_verification(Signup.java:32)
at freecrm.Signup.Title_verification(Signup.java:32)
at freecrm.Signup.Title_verification(Signup.java:32)
at freecrm.Signup.Title_verification(Signup.java:32)
at freecrm.Signup.Title_verification(Signup.java:32)
at freecrm.Signup.Title_verification(Signup.java:32)
at freecrm.Signup.Title_verification(Signup.java:32)
at freecrm.Signup.Title_verification(Signup.java:32)
at freecrm.Signup.Title_verification(Signup.java:32)
at freecrm.Signup.Title_verification(Signup.java:32)
at freecrm.Signup.Title_verification(Signup.java:32)
at freecrm.Signup.Title_verification(Signup.java:32)
at freecrm.Signup.Title_verification(Signup.java:32)
at freecrm.Signup.Title_verification(Signup.java:32)
at freecrm.Signup.Title_verification(Signup.java:32)
at freecrm.Signup.Title_verification(Signup.java:32)
at freecrm.Signup.Title_verification(Signup.java:32)
at freecrm.Signup.Title_verification(Signup.java:32)
at freecrm.Signup.Title_verification(Signup.java:32)
at freecrm.Signup.Title_verification(Signup.java:32)
at freecrm.Signup.Title_verification(Signup.java:32)
at freecrm.Signup.Title_verification(Signup.java:32)
at freecrm.Signup.Title_verification(Signup.java:32)
at freecrm.Signup.Title_verification(Signup.java:32)
at freecrm.Signup.Title_verification(Signup.java:32)
at freecrm.Signup.Title_verification(Signup.java:32)
at freecrm.Signup.Title_verification(Signup.java:32)
at freecrm.Signup.Title_verification(Signup.java:32)
at freecrm.Signup.Title_verification(Signup.java:32)
at freecrm.Signup.Title_verification(Signup.java:32)
at freecrm.Signup.Title_verification(Signup.java:32)
at freecrm.Signup.Title_verification(Signup.java:32)
at freecrm.Signup.Title_verification(Signup.java:32)
at freecrm.Signup.Title_verification(Signup.java:32)
at freecrm.Signup.Title_verification(Signup.java:32)
at freecrm.Signup.Title_verification(Signup.java:32)
at freecrm.Signup.Title_verification(Signup.java:32)
at freecrm.Signup.Title_verification(Signup.java:32)
at freecrm.Signup.Title_verification(Signup.java:32)
at freecrm.Signup.Title_verification(Signup.java:32)
at freecrm.Signup.Title_verification(Signup.java:32)
at freecrm.Signup.Title_verification(Signup.java:32)
at freecrm.Signup.Title_verification(Signup.java:32)
at freecrm.Signup.Title_verification(Signup.java:32)
at freecrm.Signup.Title_verification(Signup.java:32)
at freecrm.Signup.Title_verification(Signup.java:32)
at freecrm.Signup.Title_verification(Signup.java:32)
at freecrm.Signup.Title_verification(Signup.java:32)
at freecrm.Signup.Title_verification(Signup.java:32)
at freecrm.Signup.Title_verification(Signup.java:32)
at freecrm.Signup.Title_verification(Signup.java:32)
at freecrm.Signup.Title_verification(Signup.java:32)
at freecrm.Signup.Title_verification(Signup.java:32)
at freecrm.Signup.Title_verification(Signup.java:32)
at freecrm.Signup.Title_verification(Signup.java:32)
at freecrm.Signup.Title_verification(Signup.java:32)
at freecrm.Signup.Title_verification(Signup.java:32)
at freecrm.Signup.Title_verification(Signup.java:32)
at freecrm.Signup.Title_verification(Signup.java:32)
at freecrm.Signup.Title_verification(Signup.java:32)
at freecrm.Signup.Title_verification(Signup.java:32)
at freecrm.Signup.Title_verification(Signup.java:32)
at freecrm.Signup.Title_verification(Signup.java:32)
at freecrm.Signup.Title_verification(Signup.java:32)
at freecrm.Signup.Title_verification(Signup.java:32)
at freecrm.Signup.Title_verification(Signup.java:32)
at freecrm.Signup.Title_verification(Signup.java:32)
at freecrm.Signup.Title_verification(Signup.java:32)
at freecrm.Signup.Title_verification(Signup.java:32)
at freecrm.Signup.Title_verification(Signup.java:32)
at freecrm.Signup.Title_verification(Signup.java:32)
at freecrm.Signup.Title_verification(Signup.java:32)
at freecrm.Signup.Title_verification(Signup.java:32)
at freecrm.Signup.Title_verification(Signup.java:32)
at freecrm.Signup.Title_verification(Signup.java:32)
at freecrm.Signup.Title_verification(Signup.java:32)
at freecrm.Signup.Title_verification(Signup.java:32)
at freecrm.Signup.Title_verification(Signup.java:32)
at freecrm.Signup.Title_verification(Signup.java:32)
at freecrm.Signup.Title_verification(Signup.java:32)
at freecrm.Signup.Title_verification(Signup.java:32)
at freecrm.Signup.Title_verification(Signup.java:32)
at freecrm.Signup.Title_verification(Signup.java:32)
at freecrm.Signup.Title_verification(Signup.java:32)
at freecrm.Signup.Title_verification(Signup.java:32)
at freecrm.Signup.Title_verification(Signup.java:32)
at freecrm.Signup.Title_verification(Signup.java:32)
at freecrm.Signup.Title_verification(Signup.java:32)
at freecrm.Signup.Title_verification(Signup.java:32)
at freecrm.Signup.Title_verification(Signup.java:32)
at freecrm.Signup.Title_verification(Signup.java:32)
at freecrm.Signup.Title_verification(Signup.java:32)
at freecrm.Signup.Title_verification(Signup.java:32)
at freecrm.Signup.Title_verification(Signup.java:32)
at freecrm.Signup.Title_verification(Signup.java:32)
at freecrm.Signup.Title_verification(Signup.java:32)
at freecrm.Signup.Title_verification(Signup.java:32)
at freecrm.Signup.Title_verification(Signup.java:32)
at freecrm.Signup.Title_verification(Signup.java:32)
at freecrm.Signup.Title_verification(Signup.java:32)
at freecrm.Signup.Title_verification(Signup.java:32)
at freecrm.Signup.Title_verification(Signup.java:32)
at freecrm.Signup.Title_verification(Signup.java:32)
at freecrm.Signup.Title_verification(Signup.java:32)
at freecrm.Signup.Title_verification(Signup.java:32)
at freecrm.Signup.Title_verification(Signup.java:32)
at freecrm.Signup.Title_verification(Signup.java:32)
at freecrm.Signup.Title_verification(Signup.java:32)
at freecrm.Signup.Title_verification(Signup.java:32)
at freecrm.Signup.Title_verification(Signup.java:32)
at freecrm.Signup.Title_verification(Signup.java:32)
at freecrm.Signup.Title_verification(Signup.java:32)
at freecrm.Signup.Title_verification(Signup.java:32)
at freecrm.Signup.Title_verification(Signup.java:32)
at freecrm.Signup.Title_verification(Signup.java:32)
at freecrm.Signup.Title_verification(Signup.java:32)
at freecrm.Signup.Title_verification(Signup.java:32)
at freecrm.Signup.Title_verification(Signup.java:32)
at freecrm.Signup.Title_verification(Signup.java:32)
at freecrm.Signup.Title_verification(Signup.java:32)
at freecrm.Signup.Title_verification(Signup.java:32)
at freecrm.Signup.Title_verification(Signup.java:32)
at freecrm.Signup.Title_verification(Signup.java:32)
at freecrm.Signup.Title_verification(Signup.java:32)
at freecrm.Signup.Title_verification(Signup.java:32)
at freecrm.Signup.Title_verification(Signup.java:32)
at freecrm.Signup.Title_verification(Signup.java:32)
at freecrm.Signup.Title_verification(Signup.java:32)
at freecrm.Signup.Title_verification(Signup.java:32)
at freecrm.Signup.Title_verification(Signup.java:32)
at freecrm.Signup.Title_verification(Signup.java:32)
at freecrm.Signup.Title_verification(Signup.java:32)
at freecrm.Signup.Title_verification(Signup.java:32)
at freecrm.Signup.Title_verification(Signup.java:32)
at freecrm.Signup.Title_verification(Signup.java:32)
at freecrm.Signup.Title_verification(Signup.java:32)
at freecrm.Signup.Title_verification(Signup.java:32)
at freecrm.Signup.Title_verification(Signup.java:32)
at freecrm.Signup.Title_verification(Signup.java:32)
at freecrm.Signup.Title_verification(Signup.java:32)
at freecrm.Signup.Title_verification(Signup.java:32)
at freecrm.Signup.Title_verification(Signup.java:32)
at freecrm.Signup.Title_verification(Signup.java:32)
at freecrm.Signup.Title_verification(Signup.java:32)
at freecrm.Signup.Title_verification(Signup.java:32)
at freecrm.Signup.Title_verification(Signup.java:32)
at freecrm.Signup.Title_verification(Signup.java:32)
at freecrm.Signup.Title_verification(Signup.java:32)
at freecrm.Signup.Title_verification(Signup.java:32)
at freecrm.Signup.Title_verification(Signup.java:32)
at freecrm.Signup.Title_verification(Signup.java:32)
at freecrm.Signup.Title_verification(Signup.java:32)
at freecrm.Signup.Title_verification(Signup.java:32)
at freecrm.Signup.Title_verification(Signup.java:32)
at freecrm.Signup.Title_verification(Signup.java:32)
at freecrm.Signup.Title_verification(Signup.java:32)
at freecrm.Signup.Title_verification(Signup.java:32)
at freecrm.Signup.Title_verification(Signup.java:32)
at freecrm.Signup.Title_verification(Signup.java:32)
at freecrm.Signup.Title_verification(Signup.java:32)
at freecrm.Signup.Title_verification(Signup.java:32)
at freecrm.Signup.Title_verification(Signup.java:32)
at freecrm.Signup.Title_verification(Signup.java:32)
at freecrm.Signup.Title_verification(Signup.java:32)
at freecrm.Signup.Title_verification(Signup.java:32)
at freecrm.Signup.Title_verification(Signup.java:32)
at freecrm.Signup.Title_verification(Signup.java:32)
at freecrm.Signup.Title_verification(Signup.java:32)
at freecrm.Signup.Title_verification(Signup.java:32)
at freecrm.Signup.Title_verification(Signup.java:32)
at freecrm.Signup.Title_verification(Signup.java:32)
at freecrm.Signup.Title_verification(Signup.java:32)
at freecrm.Signup.Title_verification(Signup.java:32)
at freecrm.Signup.Title_verification(Signup.java:32)
at freecrm.Signup.Title_verification(Signup.java:32)
at freecrm.Signup.Title_verification(Signup.java:32)
at freecrm.Signup.Title_verification(Signup.java:32)
at freecrm.Signup.Title_verification(Signup.java:32)
at freecrm.Signup.Title_verification(Signup.java:32)
at freecrm.Signup.Title_verification(Signup.java:32)
at freecrm.Signup.Title_verification(Signup.java:32)
at freecrm.Signup.Title_verification(Signup.java:32)
at freecrm.Signup.Title_verification(Signup.java:32)
at freecrm.Signup.Title_verification(Signup.java:32)
at freecrm.Signup.Title_verification(Signup.java:32)
at freecrm.Signup.Title_verification(Signup.java:32)
at freecrm.Signup.Title_verification(Signup.java:32)
at freecrm.Signup.Title_verification(Signup.java:32)
at freecrm.Signup.Title_verification(Signup.java:32)
at freecrm.Signup.Title_verification(Signup.java:32)
at freecrm.Signup.Title_verification(Signup.java:32)
at freecrm.Signup.Title_verification(Signup.java:32)
at freecrm.Signup.Title_verification(Signup.java:32)
at freecrm.Signup.Title_verification(Signup.java:32)
at freecrm.Signup.Title_verification(Signup.java:32)
at freecrm.Signup.Title_verification(Signup.java:32)
at freecrm.Signup.Title_verification(Signup.java:32)
at freecrm.Signup.Title_verification(Signup.java:32)
at freecrm.Signup.Title_verification(Signup.java:32)
at freecrm.Signup.Title_verification(Signup.java:32)
at freecrm.Signup.Title_verification(Signup.java:32)
at freecrm.Signup.Title_verification(Signup.java:32)
at freecrm.Signup.Title_verification(Signup.java:32)
at freecrm.Signup.Title_verification(Signup.java:32)
at freecrm.Signup.Title_verification(Signup.java:32)
at freecrm.Signup.Title_verification(Signup.java:32)
at freecrm.Signup.Title_verification(Signup.java:32)
at freecrm.Signup.Title_verification(Signup.java:32)
at freecrm.Signup.Title_verification(Signup.java:32)
at freecrm.Signup.Title_verification(Signup.java:32)
at freecrm.Signup.Title_verification(Signup.java:32)
at freecrm.Signup.Title_verification(Signup.java:32)
at freecrm.Signup.Title_verification(Signup.java:32)
at freecrm.Signup.Title_verification(Signup.java:32)
at freecrm.Signup.Title_verification(Signup.java:32)
at freecrm.Signup.Title_verification(Signup.java:32)
at freecrm.Signup.Title_verification(Signup.java:32)
at freecrm.Signup.Title_verification(Signup.java:32)
at freecrm.Signup.Title_verification(Signup.java:32)
at freecrm.Signup.Title_verification(Signup.java:32)
at freecrm.Signup.Title_verification(Signup.java:32)
at freecrm.Signup.Title_verification(Signup.java:32)
at freecrm.Signup.Title_verification(Signup.java:32)
at freecrm.Signup.Title_verification(Signup.java:32)
at freecrm.Signup.Title_verification(Signup.java:32)
at freecrm.Signup.Title_verification(Signup.java:32)
at freecrm.Signup.Title_verification(Signup.java:32)
at freecrm.Signup.Title_verification(Signup.java:32)
at freecrm.Signup.Title_verification(Signup.java:32)
at freecrm.Signup.Title_verification(Signup.java:32)
at freecrm.Signup.Title_verification(Signup.java:32)
at freecrm.Signup.Title_verification(Signup.java:32)
at freecrm.Signup.Title_verification(Signup.java:32)
at freecrm.Signup.Title_verification(Signup.java:32)
at freecrm.Signup.Title_verification(Signup.java:32)
at freecrm.Signup.Title_verification(Signup.java:32)
at freecrm.Signup.Title_verification(Signup.java:32)
at freecrm.Signup.Title_verification(Signup.java:32)
at freecrm.Signup.Title_verification(Signup.java:32)
at freecrm.Signup.Title_verification(Signup.java:32)
at freecrm.Signup.Title_verification(Signup.java:32)
at freecrm.Signup.Title_verification(Signup.java:32)
at freecrm.Signup.Title_verification(Signup.java:32)
at freecrm.Signup.Title_verification(Signup.java:32)
at freecrm.Signup.Title_verification(Signup.java:32)
at freecrm.Signup.Title_verification(Signup.java:32)
at freecrm.Signup.Title_verification(Signup.java:32)
at freecrm.Signup.Title_verification(Signup.java:32)
at freecrm.Signup.Title_verification(Signup.java:32)
at freecrm.Signup.Title_verification(Signup.java:32)
at freecrm.Signup.Title_verification(Signup.java:32)
at freecrm.Signup.Title_verification(Signup.java:32)
at freecrm.Signup.Title_verification(Signup.java:32)
at freecrm.Signup.Title_verification(Signup.java:32)
at freecrm.Signup.Title_verification(Signup.java:32)
at freecrm.Signup.Title_verification(Signup.java:32)
at freecrm.Signup.Title_verification(Signup.java:32)
at freecrm.Signup.Title_verification(Signup.java:32)
at freecrm.Signup.Title_verification(Signup.java:32)
at freecrm.Signup.Title_verification(Signup.java:32)
at freecrm.Signup.Title_verification(Signup.java:32)
at freecrm.Signup.Title_verification(Signup.java:32)
at freecrm.Signup.Title_verification(Signup.java:32)
at freecrm.Signup.Title_verification(Signup.java:32)
at freecrm.Signup.Title_verification(Signup.java:32)
at freecrm.Signup.Title_verification(Signup.java:32)
at freecrm.Signup.Title_verification(Signup.java:32)
at freecrm.Signup.Title_verification(Signup.java:32)
at freecrm.Signup.Title_verification(Signup.java:32)
at freecrm.Signup.Title_verification(Signup.java:32)
at freecrm.Signup.Title_verification(Signup.java:32)
at freecrm.Signup.Title_verification(Signup.java:32)
at freecrm.Signup.Title_verification(Signup.java:32)
at freecrm.Signup.Title_verification(Signup.java:32)
at freecrm.Signup.Title_verification(Signup.java:32)
at freecrm.Signup.Title_verification(Signup.java:32)
at freecrm.Signup.Title_verification(Signup.java:32)
at freecrm.Signup.Title_verification(Signup.java:32)
at freecrm.Signup.Title_verification(Signup.java:32)
at freecrm.Signup.Title_verification(Signup.java:32)
at freecrm.Signup.Title_verification(Signup.java:32)
at freecrm.Signup.Title_verification(Signup.java:32)
at freecrm.Signup.Title_verification(Signup.java:32)
at freecrm.Signup.Title_verification(Signup.java:32)
at freecrm.Signup.Title_verification(Signup.java:32)
at freecrm.Signup.Title_verification(Signup.java:32)
at freecrm.Signup.Title_verification(Signup.java:32)
at freecrm.Signup.Title_verification(Signup.java:32)
at freecrm.Signup.Title_verification(Signup.java:32)
at freecrm.Signup.Title_verification(Signup.java:32)
at freecrm.Signup.Title_verification(Signup.java:32)
at freecrm.Signup.Title_verification(Signup.java:32)
at freecrm.Signup.Title_verification(Signup.java:32)
at freecrm.Signup.Title_verification(Signup.java:32)
at freecrm.Signup.Title_verification(Signup.java:32)
at freecrm.Signup.Title_verification(Signup.java:32)
at freecrm.Signup.Title_verification(Signup.java:32)
at freecrm.Signup.Title_verification(Signup.java:32)
at freecrm.Signup.Title_verification(Signup.java:32)
at freecrm.Signup.Title_verification(Signup.java:32)
at freecrm.Signup.Title_verification(Signup.java:32)
at freecrm.Signup.Title_verification(Signup.java:32)
at freecrm.Signup.Title_verification(Signup.java:32)
at freecrm.Signup.Title_verification(Signup.java:32)
at freecrm.Signup.Title_verification(Signup.java:32)
at freecrm.Signup.Title_verification(Signup.java:32)
at freecrm.Signup.Title_verification(Signup.java:32)
at freecrm.Signup.Title_verification(Signup.java:32)
at freecrm.Signup.Title_verification(Signup.java:32)
at freecrm.Signup.Title_verification(Signup.java:32)
at freecrm.Signup.Title_verification(Signup.java:32)
at freecrm.Signup.Title_verification(Signup.java:32)
at freecrm.Signup.Title_verification(Signup.java:32)
at freecrm.Signup.Title_verification(Signup.java:32)
at freecrm.Signup.Title_verification(Signup.java:32)
at freecrm.Signup.Title_verification(Signup.java:32)
at freecrm.Signup.Title_verification(Signup.java:32)
at freecrm.Signup.Title_verification(Signup.java:32)
at freecrm.Signup.Title_verification(Signup.java:32)
at freecrm.Signup.Title_verification(Signup.java:32)
at freecrm.Signup.Title_verification(Signup.java:32)
at freecrm.Signup.Title_verification(Signup.java:32)
at freecrm.Signup.Title_verification(Signup.java:32)
at freecrm.Signup.Title_verification(Signup.java:32)
at freecrm.Signup.Title_verification(Signup.java:32)
at freecrm.Signup.Title_verification(Signup.java:32)
at freecrm.Signup.Title_verification(Signup.java:32)
at freecrm.Signup.Title_verification(Signup.java:32)
at freecrm.Signup.Title_verification(Signup.java:32)
at freecrm.Signup.Title_verification(Signup.java:32)
at freecrm.Signup.Title_verification(Signup.java:32)
at freecrm.Signup.Title_verification(Signup.java:32)
at freecrm.Signup.Title_verification(Signup.java:32)
at freecrm.Signup.Title_verification(Signup.java:32)
at freecrm.Signup.Title_verification(Signup.java:32)
at freecrm.Signup.Title_verification(Signup.java:32)
at freecrm.Signup.Title_verification(Signup.java:32)
at freecrm.Signup.Title_verification(Signup.java:32)
at freecrm.Signup.Title_verification(Signup.java:32)
at freecrm.Signup.Title_verification(Signup.java:32)
at freecrm.Signup.Title_verification(Signup.java:32)
at freecrm.Signup.Title_verification(Signup.java:32)
at freecrm.Signup.Title_verification(Signup.java:32)
at freecrm.Signup.Title_verification(Signup.java:32)
at freecrm.Signup.Title_verification(Signup.java:32)
at freecrm.Signup.Title_verification(Signup.java:32)
at freecrm.Signup.Title_verification(Signup.java:32)
at freecrm.Signup.Title_verification(Signup.java:32)
at freecrm.Signup.Title_verification(Signup.java:32)
at freecrm.Signup.Title_verification(Signup.java:32)
at freecrm.Signup.Title_verification(Signup.java:32)
at freecrm.Signup.Title_verification(Signup.java:32)
at freecrm.Signup.Title_verification(Signup.java:32)
at freecrm.Signup.Title_verification(Signup.java:32)
at freecrm.Signup.Title_verification(Signup.java:32)
at freecrm.Signup.Title_verification(Signup.java:32)
at freecrm.Signup.Title_verification(Signup.java:32)
at freecrm.Signup.Title_verification(Signup.java:32)
at freecrm.Signup.Title_verification(Signup.java:32)
at freecrm.Signup.Title_verification(Signup.java:32)
at freecrm.Signup.Title_verification(Signup.java:32)
at freecrm.Signup.Title_verification(Signup.java:32)
at freecrm.Signup.Title_verification(Signup.java:32)
at freecrm.Signup.Title_verification(Signup.java:32)
at freecrm.Signup.Title_verification(Signup.java:32)
at freecrm.Signup.Title_verification(Signup.java:32)
at freecrm.Signup.Title_verification(Signup.java:32)
at freecrm.Signup.Title_verification(Signup.java:32)
at freecrm.Signup.Title_verification(Signup.java:32)
at freecrm.Signup.Title_verification(Signup.java:32)
at freecrm.Signup.Title_verification(Signup.java:32)
at freecrm.Signup.Title_verification(Signup.java:32)
at freecrm.Signup.Title_verification(Signup.java:32)
at freecrm.Signup.Title_verification(Signup.java:32)
at freecrm.Signup.Title_verification(Signup.java:32)
at freecrm.Signup.Title_verification(Signup.java:32)
at freecrm.Signup.Title_verification(Signup.java:32)
at freecrm.Signup.Title_verification(Signup.java:32)
at freecrm.Signup.Title_verification(Signup.java:32)
at freecrm.Signup.Title_verification(Signup.java:32)
at freecrm.Signup.Title_verification(Signup.java:32)
at freecrm.Signup.Title_verification(Signup.java:32)
at freecrm.Signup.Title_verification(Signup.java:32)
at freecrm.Signup.Title_verification(Signup.java:32)
at freecrm.Signup.Title_verification(Signup.java:32)
at freecrm.Signup.Title_verification(Signup.java:32)
at freecrm.Signup.Title_verification(Signup.java:32)
at freecrm.Signup.Title_verification(Signup.java:32)
at freecrm.Signup.Title_verification(Signup.java:32)
at freecrm.Signup.Title_verification(Signup.java:32)
at freecrm.Signup.Title_verification(Signup.java:32)
at freecrm.Signup.Title_verification(Signup.java:32)
at freecrm.Signup.Title_verification(Signup.java:32)
at freecrm.Signup.Title_verification(Signup.java:32)
at freecrm.Signup.Title_verification(Signup.java:32)
at freecrm.Signup.Title_verification(Signup.java:32)
at freecrm.Signup.Title_verification(Signup.java:32)
at freecrm.Signup.Title_verification(Signup.java:32)
at freecrm.Signup.Title_verification(Signup.java:32)
at freecrm.Signup.Title_verification(Signup.java:32)
at freecrm.Signup.Title_verification(Signup.java:32)
at freecrm.Signup.Title_verification(Signup.java:32)
at freecrm.Signup.Title_verification(Signup.java:32)
at freecrm.Signup.Title_verification(Signup.java:32)
at freecrm.Signup.Title_verification(Signup.java:32)
at freecrm.Signup.Title_verification(Signup.java:32)
at freecrm.Signup.Title_verification(Signup.java:32)
at freecrm.Signup.Title_verification(Signup.java:32)
at freecrm.Signup.Title_verification(Signup.java:32)
at freecrm.Signup.Title_verification(Signup.java:32)
at freecrm.Signup.Title_verification(Signup.java:32)
at freecrm.Signup.Title_verification(Signup.java:32)
at freecrm.Signup.Title_verification(Signup.java:32)
at freecrm.Signup.Title_verification(Signup.java:32)
at freecrm.Signup.Title_verification(Signup.java:32)
at freecrm.Signup.Title_verification(Signup.java:32)
at freecrm.Signup.Title_verification(Signup.java:32)
at freecrm.Signup.Title_verification(Signup.java:32)
at freecrm.Signup.Title_verification(Signup.java:32)
at freecrm.Signup.Title_verification(Signup.java:32)
at freecrm.Signup.Title_verification(Signup.java:32)
at freecrm.Signup.Title_verification(Signup.java:32)
at freecrm.Signup.Title_verification(Signup.java:32)
at freecrm.Signup.Title_verification(Signup.java:32)
at freecrm.Signup.Title_verification(Signup.java:32)
at freecrm.Signup.Title_verification(Signup.java:32)
at freecrm.Signup.Title_verification(Signup.java:32)
at freecrm.Signup.Title_verification(Signup.java:32)
at freecrm.Signup.Title_verification(Signup.java:32)
at freecrm.Signup.Title_verification(Signup.java:32)
at freecrm.Signup.Title_verification(Signup.java:32)
at freecrm.Signup.Title_verification(Signup.java:32)
at freecrm.Signup.Title_verification(Signup.java:32)
at freecrm.Signup.Title_verification(Signup.java:32)
at freecrm.Signup.Title_verification(Signup.java:32)
at freecrm.Signup.Title_verification(Signup.java:32)
at freecrm.Signup.Title_verification(Signup.java:32)
at freecrm.Signup.Title_verification(Signup.java:32)
at freecrm.Signup.Title_verification(Signup.java:32)
at freecrm.Signup.Title_verification(Signup.java:32)
at freecrm.Signup.Title_verification(Signup.java:32)
at freecrm.Signup.Title_verification(Signup.java:32)
at freecrm.Signup.Title_verification(Signup.java:32)
at freecrm.Signup.Title_verification(Signup.java:32)
at freecrm.Signup.Title_verification(Signup.java:32)
at freecrm.Signup.Title_verification(Signup.java:32)
at freecrm.Signup.Title_verification(Signup.java:32)
at freecrm.Signup.Title_verification(Signup.java:32)
at freecrm.Signup.Title_verification(Signup.java:32)
at freecrm.Signup.Title_verification(Signup.java:32)
at freecrm.Signup.Title_verification(Signup.java:32)
at freecrm.Signup.Title_verification(Signup.java:32)
at freecrm.Signup.Title_verification(Signup.java:32)
at freecrm.Signup.Title_verification(Signup.java:32)
at freecrm.Signup.Title_verification(Signup.java:32)
at freecrm.Signup.Title_verification(Signup.java:32)
at freecrm.Signup.Title_verification(Signup.java:32)
at freecrm.Signup.Title_verification(Signup.java:32)
at freecrm.Signup.Title_verification(Signup.java:32)
at freecrm.Signup.Title_verification(Signup.java:32)
at freecrm.Signup.Title_verification(Signup.java:32)
at freecrm.Signup.Title_verification(Signup.java:32)
at freecrm.Signup.Title_verification(Signup.java:32)
at freecrm.Signup.Title_verification(Signup.java:32)
at freecrm.Signup.Title_verification(Signup.java:32)
at freecrm.Signup.Title_verification(Signup.java:32)
at freecrm.Signup.Title_verification(Signup.java:32)
at freecrm.Signup.Title_verification(Signup.java:32)
at freecrm.Signup.Title_verification(Signup.java:32)
at freecrm.Signup.Title_verification(Signup.java:32)
at freecrm.Signup.Title_verification(Signup.java:32)
at freecrm.Signup.Title_verification(Signup.java:32)
at freecrm.Signup.Title_verification(Signup.java:32)
at freecrm.Signup.Title_verification(Signup.java:32)
at freecrm.Signup.Title_verification(Signup.java:32)
at freecrm.Signup.Title_verification(Signup.java:32)
at freecrm.Signup.Title_verification(Signup.java:32)
at freecrm.Signup.Title_verification(Signup.java:32)
at freecrm.Signup.Title_verification(Signup.java:32)
at freecrm.Signup.Title_verification(Signup.java:32)
at freecrm.Signup.Title_verification(Signup.java:32)
at freecrm.Signup.Title_verification(Signup.java:32)
at freecrm.Signup.Title_verification(Signup.java:32)
at freecrm.Signup.Title_verification(Signup.java:32)
at freecrm.Signup.Title_verification(Signup.java:32)
at freecrm.Signup.Title_verification(Signup.java:32)
at freecrm.Signup.Title_verification(Signup.java:32)
at freecrm.Signup.Title_verification(Signup.java:32)
at freecrm.Signup.Title_verification(Signup.java:32)
at freecrm.Signup.Title_verification(Signup.java:32)
at freecrm.Signup.Title_verification(Signup.java:32)
at freecrm.Signup.Title_verification(Signup.java:32)
at freecrm.Signup.Title_verification(Signup.java:32)
at freecrm.Signup.Title_verification(Signup.java:32)
at freecrm.Signup.Title_verification(Signup.java:32)
at freecrm.Signup.Title_verification(Signup.java:32)
at freecrm.Signup.Title_verification(Signup.java:32)
at freecrm.Signup.Title_verification(Signup.java:32)
at freecrm.Signup.Title_verification(Signup.java:32)
at freecrm.Signup.Title_verification(Signup.java:32)
at freecrm.Signup.Title_verification(Signup.java:32)
at freecrm.Signup.Title_verification(Signup.java:32)
at freecrm.Signup.Title_verification(Signup.java:32)
at freecrm.Signup.Title_verification(Signup.java:32)
at freecrm.Signup.Title_verification(Signup.java:32)
at freecrm.Signup.Title_verification(Signup.java:32)
at freecrm.Signup.Title_verification(Signup.java:32)
at freecrm.Signup.Title_verification(Signup.java:32)
at freecrm.Signup.Title_verification(Signup.java:32)
at freecrm.Signup.Title_verification(Signup.java:32)
at freecrm.Signup.Title_verification(Signup.java:32)
at freecrm.Signup.Title_verification(Signup.java:32)
at freecrm.Signup.Title_verification(Signup.java:32)
at freecrm.Signup.Title_verification(Signup.java:32)
at freecrm.Signup.Title_verification(Signup.java:32)
at freecrm.Signup.Title_verification(Signup.java:32)
at freecrm.Signup.Title_verification(Signup.java:32)
at freecrm.Signup.Title_verification(Signup.java:32)
at freecrm.Signup.Title_verification(Signup.java:32)
at freecrm.Signup.Title_verification(Signup.java:32)
at freecrm.Signup.Title_verification(Signup.java:32)
at freecrm.Signup.Title_verification(Signup.java:32)
at freecrm.Signup.Title_verification(Signup.java:32)
at freecrm.Signup.Title_verification(Signup.java:32)
at freecrm.Signup.Title_verification(Signup.java:32)
at freecrm.Signup.Title_verification(Signup.java:32)
at freecrm.Signup.Title_verification(Signup.java:32)
at freecrm.Signup.Title_verification(Signup.java:32)
at freecrm.Signup.Title_verification(Signup.java:32)
at freecrm.Signup.Title_verification(Signup.java:32)
at freecrm.Signup.Title_verification(Signup.java:32)
at freecrm.Signup.Title_verification(Signup.java:32)
at freecrm.Signup.Title_verification(Signup.java:32)
at freecrm.Signup.Title_verification(Signup.java:32)
at freecrm.Signup.Title_verification(Signup.java:32)
at freecrm.Signup.Title_verification(Signup.java:32)
at freecrm.Signup.Title_verification(Signup.java:32)
at freecrm.Signup.Title_verification(Signup.java:32)
at freecrm.Signup.Title_verification(Signup.java:32)
at freecrm.Signup.Title_verification(Signup.java:32)
at freecrm.Signup.Title_verification(Signup.java:32)
at freecrm.Signup.Title_verification(Signup.java:32)
at freecrm.Signup.Title_verification(Signup.java:32)
at freecrm.Signup.Title_verification(Signup.java:32)
at freecrm.Signup.Title_verification(Signup.java:32)
at freecrm.Signup.Title_verification(Signup.java:32)
at freecrm.Signup.Title_verification(Signup.java:32)
at freecrm.Signup.Title_verification(Signup.java:32)
at freecrm.Signup.Title_verification(Signup.java:32)
at freecrm.Signup.Title_verification(Signup.java:32)
at freecrm.Signup.Title_verification(Signup.java:32)
at freecrm.Signup.Title_verification(Signup.java:32)
at freecrm.Signup.Title_verification(Signup.java:32)
at freecrm.Signup.Title_verification(Signup.java:32)
at freecrm.Signup.Title_verification(Signup.java:32)
at freecrm.Signup.Title_verification(Signup.java:32)
at freecrm.Signup.Title_verification(Signup.java:32)
at freecrm.Signup.Title_verification(Signup.java:32)
at freecrm.Signup.Title_verification(Signup.java:32)
at freecrm.Signup.Title_verification(Signup.java:32)
at freecrm.Signup.Title_verification(Signup.java:32)
at freecrm.Signup.Title_verification(Signup.java:32)
at freecrm.Signup.Title_verification(Signup.java:32)
at freecrm.Signup.Title_verification(Signup.java:32)
at freecrm.Signup.Title_verification(Signup.java:32)
at freecrm.Signup.Title_verification(Signup.java:32)
at freecrm.Signup.Title_verification(Signup.java:32)
at freecrm.Signup.Title_verification(Signup.java:32)
at freecrm.Signup.Title_verification(Signup.java:32)
at freecrm.Signup.Title_verification(Signup.java:32)
at freecrm.Signup.Title_verification(Signup.java:32)
at freecrm.Signup.Title_verification(Signup.java:32)
at freecrm.Signup.Title_verification(Signup.java:32)
at freecrm.Signup.Title_verification(Signup.java:32)
at freecrm.Signup.Title_verification(Signup.java:32)
at freecrm.Signup.Title_verification(Signup.java:32)
at freecrm.Signup.Title_verification(Signup.java:32)
at freecrm.Signup.Title_verification(Signup.java:32)
at freecrm.Signup.Title_verification(Signup.java:32)
at freecrm.Signup.Title_verification(Signup.java:32)
at freecrm.Signup.Title_verification(Signup.java:32)
at freecrm.Signup.Title_verification(Signup.java:32)
at freecrm.Signup.Title_verification(Signup.java:32)
at freecrm.Signup.Title_verification(Signup.java:32)
at freecrm.Signup.Title_verification(Signup.java:32)
at freecrm.Signup.Title_verification(Signup.java:32)
at freecrm.Signup.Title_verification(Signup.java:32)
at freecrm.Signup.Title_verification(Signup.java:32)
at freecrm.Signup.Title_verification(Signup.java:32)
at freecrm.Signup.Title_verification(Signup.java:32)
at freecrm.Signup.Title_verification(Signup.java:32)
at freecrm.Signup.Title_verification(Signup.java:32)
at freecrm.Signup.Title_verification(Signup.java:32)
at freecrm.Signup.Title_verification(Signup.java:32)
at freecrm.Signup.Title_verification(Signup.java:32)
at freecrm.Signup.Title_verification(Signup.java:32)
at freecrm.Signup.Title_verification(Signup.java:32)
at freecrm.Signup.Title_verification(Signup.java:32)
at freecrm.Signup.Title_verification(Signup.java:32)
at freecrm.Signup.Title_verification(Signup.java:32)
at freecrm.Signup.Title_verification(Signup.java:32)
at freecrm.Signup.Title_verification(Signup.java:32)
at freecrm.Signup.Title_verification(Signup.java:32)
at freecrm.Signup.Title_verification(Signup.java:32)
at freecrm.Signup.Title_verification(Signup.java:32)
at freecrm.Signup.Title_verification(Signup.java:32)
at freecrm.Signup.Title_verification(Signup.java:32)
at freecrm.Signup.Title_verification(Signup.java:32)
at freecrm.Signup.Title_verification(Signup.java:32)
at freecrm.Signup.Title_verification(Signup.java:32)
at freecrm.Signup.Title_verification(Signup.java:32)
at freecrm.Signup.Title_verification(Signup.java:32)
at freecrm.Signup.Title_verification(Signup.java:32)
at freecrm.Signup.Title_verification(Signup.java:32)
at freecrm.Signup.Title_verification(Signup.java:32)
at freecrm.Signup.Title_verification(Signup.java:32)
at freecrm.Signup.Title_verification(Signup.java:32)
at freecrm.Signup.Title_verification(Signup.java:32)
at freecrm.Signup.Title_verification(Signup.java:32)
at freecrm.Signup.Title_verification(Signup.java:32)
at freecrm.Signup.Title_verification(Signup.java:32)
at freecrm.Signup.Title_verification(Signup.java:32)
at freecrm.Signup.Title_verification(Signup.java:32)
at freecrm.Signup.Title_verification(Signup.java:32)
at freecrm.Signup.Title_verification(Signup.java:32)
at freecrm.Signup.Title_verification(Signup.java:32)
at freecrm.Signup.Title_verification(Signup.java:32)
at freecrm.Signup.Title_verification(Signup.java:32)
at freecrm.Signup.Title_verification(Signup.java:32)
at freecrm.Signup.Title_verification(Signup.java:32)
at freecrm.Signup.Title_verification(Signup.java:32)
at freecrm.Signup.Title_verification(Signup.java:32)
at freecrm.Signup.Title_verification(Signup.java:32)
at freecrm.Signup.Title_verification(Signup.java:32)
at freecrm.Signup.Title_verification(Signup.java:32)
at freecrm.Signup.Title_verification(Signup.java:32)
at freecrm.Signup.Title_verification(Signup.java:32)
at freecrm.Signup.Title_verification(Signup.java:32)
at freecrm.Signup.Title_verification(Signup.java:32)
at freecrm.Signup.Title_verification(Signup.java:32)
at freecrm.Signup.Title_verification(Signup.java:32)
at freecrm.Signup.Title_verification(Signup.java:32)
at freecrm.Signup.Title_verification(Signup.java:32)
at freecrm.Signup.Title_verification(Signup.java:32)
at freecrm.Signup.Title_verification(Signup.java:32)
at freecrm.Signup.Title_verification(Signup.java:32)
at freecrm.Signup.Title_verification(Signup.java:32)
at freecrm.Signup.Title_verification(Signup.java:32)
at freecrm.Signup.Title_verification(Signup.java:32)
at freecrm.Signup.Title_verification(Signup.java:32)
at freecrm.Signup.Title_verification(Signup.java:32)
at freecrm.Signup.Title_verification(Signup.java:32)
at freecrm.Signup.Title_verification(Signup.java:32)
at freecrm.Signup.Title_verification(Signup.java:32)
at freecrm.Signup.Title_verification(Signup.java:32)
at freecrm.Signup.Title_verification(Signup.java:32)
at freecrm.Signup.Title_verification(Signup.java:32)
at freecrm.Signup.Title_verification(Signup.java:32)
at freecrm.Signup.Title_verification(Signup.java:32)
at freecrm.Signup.Title_verification(Signup.java:32)
at freecrm.Signup.Title_verification(Signup.java:32)
at freecrm.Signup.Title_verification(Signup.java:32)
at freecrm.Signup.Title_verification(Signup.java:32)
at freecrm.Signup.Title_verification(Signup.java:32)
at freecrm.Signup.Title_verification(Signup.java:32)
at freecrm.Signup.Title_verification(Signup.java:32)
at freecrm.Signup.Title_verification(Signup.java:32)
at freecrm.Signup.Title_verification(Signup.java:32)
at freecrm.Signup.Title_verification(Signup.java:32)
at freecrm.Signup.Title_verification(Signup.java:32)
at freecrm.Signup.Title_verification(Signup.java:32)
at freecrm.Signup.Title_verification(Signup.java:32)
at freecrm.Signup.Title_verification(Signup.java:32)
at freecrm.Signup.Title_verification(Signup.java:32)
at freecrm.Signup.Title_verification(Signup.java:32)
at freecrm.Signup.Title_verification(Signup.java:32)
at freecrm.Signup.Title_verification(Signup.java:32)
at freecrm.Signup.Title_verification(Signup.java:32)
at freecrm.Signup.Title_verification(Signup.java:32)
at freecrm.Signup.Title_verification(Signup.java:32)
at freecrm.Signup.Title_verification(Signup.java:32)
at freecrm.Signup.Title_verification(Signup.java:32)
at freecrm.Signup.Title_verification(Signup.java:32)
at freecrm.Signup.Title_verification(Signup.java:32)
at freecrm.Signup.Title_verification(Signup.java:32)
at freecrm.Signup.Title_verification(Signup.java:32)
at freecrm.Signup.Title_verification(Signup.java:32)
at freecrm.Signup.Title_verification(Signup.java:32)
at freecrm.Signup.Title_verification(Signup.java:32)
at freecrm.Signup.Title_verification(Signup.java:32)
at freecrm.Signup.Title_verification(Signup.java:32)
at freecrm.Signup.Title_verification(Signup.java:32)
at freecrm.Signup.Title_verification(Signup.java:32)
at freecrm.Signup.Title_verification(Signup.java:32)
at freecrm.Signup.Title_verification(Signup.java:32)
at freecrm.Signup.Title_verification(Signup.java:32)
at freecrm.Signup.Title_verification(Signup.java:32)
at freecrm.Signup.Title_verification(Signup.java:32)
at freecrm.Signup.Title_verification(Signup.java:32)
at freecrm.Signup.Title_verification(Signup.java:32)
at freecrm.Signup.Title_verification(Signup.java:32)
at freecrm.Signup.Title_verification(Signup.java:32)
at freecrm.Signup.Title_verification(Signup.java:32)
at freecrm.Signup.Title_verification(Signup.java:32)
at freecrm.Signup.Title_verification(Signup.java:32)
at freecrm.Signup.Title_verification(Signup.java:32)
at freecrm.Signup.Title_verification(Signup.java:32)
at freecrm.Signup.Title_verification(Signup.java:32)
at freecrm.Signup.Title_verification(Signup.java:32)
at freecrm.Signup.Title_verification(Signup.java:32)
at freecrm.Signup.Title_verification(Signup.java:32)
at freecrm.Signup.Title_verification(Signup.java:32)
at freecrm.Signup.Title_verification(Signup.java:32)
at freecrm.Signup.Title_verification(Signup.java:32)
at freecrm.Signup.Title_verification(Signup.java:32)
at freecrm.Signup.Title_verification(Signup.java:32)
at freecrm.Signup.Title_verification(Signup.java:32)
at freecrm.Signup.Title_verification(Signup.java:32)
at freecrm.Signup.Title_verification(Signup.java:32)
at freecrm.Signup.Title_verification(Signup.java:32)
at freecrm.Signup.Title_verification(Signup.java:32)
at freecrm.Signup.Title_verification(Signup.java:32)
at freecrm.Signup.Title_verification(Signup.java:32)
at freecrm.Signup.Title_verification(Signup.java:32)
at freecrm.Signup.Title_verification(Signup.java:32)
at freecrm.Signup.Title_verification(Signup.java:32)
at freecrm.Signup.Title_verification(Signup.java:32)
at freecrm.Signup.Title_verification(Signup.java:32)
at freecrm.Signup.Title_verification(Signup.java:32)
at freecrm.Signup.Title_verification(Signup.java:32)
at freecrm.Signup.Title_verification(Signup.java:32)
at freecrm.Signup.Title_verification(Signup.java:32)
at freecrm.Signup.Title_verification(Signup.java:32)
at freecrm.Signup.Title_verification(Signup.java:32)
at freecrm.Signup.Title_verification(Signup.java:32)
at freecrm.Signup.Title_verification(Signup.java:32)
at freecrm.Signup.Title_verification(Signup.java:32)
at freecrm.Signup.Title_verification(Signup.java:32)
at freecrm.Signup.Title_verification(Signup.java:32)
at freecrm.Signup.Title_verification(Signup.java:32)
at freecrm.Signup.Title_verification(Signup.java:32)
at freecrm.Signup.Title_verification(Signup.java:32)
at freecrm.Signup.Title_verification(Signup.java:32)
at freecrm.Signup.Title_verification(Signup.java:32)
at freecrm.Signup.Title_verification(Signup.java:32)
at freecrm.Signup.Title_verification(Signup.java:32)
at freecrm.Signup.Title_verification(Signup.java:32)
at freecrm.Signup.Title_verification(Signup.java:32)
at freecrm.Signup.Title_verification(Signup.java:32)
at freecrm.Signup.Title_verification(Signup.java:32)
at freecrm.Signup.Title_verification(Signup.java:32)
at freecrm.Signup.Title_verification(Signup.java:32)
at freecrm.Signup.Title_verification(Signup.java:32)
at freecrm.Signup.Title_verification(Signup.java:32)
at freecrm.Signup.Title_verification(Signup.java:32)
at freecrm.Signup.Title_verification(Signup.java:32)
at freecrm.Signup.Title_verification(Signup.java:32)
at freecrm.Signup.Title_verification(Signup.java:32)
at freecrm.Signup.Title_verification(Signup.java:32)
at freecrm.Signup.Title_verification(Signup.java:32)
at freecrm.Signup.Title_verification(Signup.java:32)
at freecrm.Signup.Title_verification(Signup.java:32)
at freecrm.Signup.Title_verification(Signup.java:32)
at freecrm.Signup.Title_verification(Signup.java:32)
at freecrm.Signup.Title_verification(Signup.java:32)
at freecrm.Signup.Title_verification(Signup.java:32)
at freecrm.Signup.Title_verification(Signup.java:32)
at freecrm.Signup.Title_verification(Signup.java:32)
at freecrm.Signup.Title_verification(Signup.java:32)
at freecrm.Signup.Title_verification(Signup.java:32)
at freecrm.Signup.Title_verification(Signup.java:32)
at freecrm.Signup.Title_verification(Signup.java:32)
at freecrm.Signup.Title_verification(Signup.java:32)
at freecrm.Signup.Title_verification(Signup.java:32)
at freecrm.Signup.Title_verification(Signup.java:32)
at freecrm.Signup.Title_verification(Signup.java:32)
at freecrm.Signup.Title_verification(Signup.java:32)
at freecrm.Signup.Title_verification(Signup.java:32)
at freecrm.Signup.Title_verification(Signup.java:32)
at freecrm.Signup.Title_verification(Signup.java:32)
at freecrm.Signup.Title_verification(Signup.java:32)
at freecrm.Signup.Title_verification(Signup.java:32)
at freecrm.Signup.Title_verification(Signup.java:32)
at freecrm.Signup.Title_verification(Signup.java:32)
at freecrm.Signup.Title_verification(Signup.java:32)
at freecrm.Signup.Title_verification(Signup.java:32)
at freecrm.Signup.Title_verification(Signup.java:32)
at freecrm.Signup.Title_verification(Signup.java:32)
at freecrm.Signup.Title_verification(Signup.java:32)
at freecrm.Signup.Title_verification(Signup.java:32)
at freecrm.Signup.Title_verification(Signup.java:32)
at freecrm.Signup.Title_verification(Signup.java:32)
at freecrm.Signup.Title_verification(Signup.java:32)
at freecrm.Signup.Title_verification(Signup.java:32)
at freecrm.Signup.Title_verification(Signup.java:32)
at freecrm.Signup.Title_verification(Signup.java:32)
at freecrm.Signup.Title_verification(Signup.java:32)
at freecrm.Signup.Title_verification(Signup.java:32)
at freecrm.Signup.Title_verification(Signup.java:32)
at freecrm.Signup.Title_verification(Signup.java:32)
at freecrm.Signup.Title_verification(Signup.java:32)
at freecrm.Signup.Title_verification(Signup.java:32)
at freecrm.Signup.Title_verification(Signup.java:32)
at freecrm.Signup.Title_verification(Signup.java:32)
at freecrm.Signup.Title_verification(Signup.java:32)
at freecrm.Signup.Title_verification(Signup.java:32)
at freecrm.Signup.Title_verification(Signup.java:32)
at freecrm.Signup.Title_verification(Signup.java:32)
at freecrm.Signup.Title_verification(Signup.java:32)
at freecrm.Signup.Title_verification(Signup.java:32)
at freecrm.Signup.Title_verification(Signup.java:32)
at freecrm.Signup.Title_verification(Signup.java:32)
at freecrm.Signup.Title_verification(Signup.java:32)
at freecrm.Signup.Title_verification(Signup.java:32)
at freecrm.Signup.Title_verification(Signup.java:32)
at freecrm.Signup.Title_verification(Signup.java:32)
at freecrm.Signup.Title_verification(Signup.java:32)
at freecrm.Signup.Title_verification(Signup.java:32)
at freecrm.Signup.Title_verification(Signup.java:32)
at freecrm.Signup.Title_verification(Signup.java:32)
at freecrm.Signup.Title_verification(Signup.java:32)
at freecrm.Signup.Title_verification(Signup.java:32)
at freecrm.Signup.Title_verification(Signup.java:32)
at freecrm.Signup.Title_verification(Signup.java:32)
at freecrm.Signup.Title_verification(Signup.java:32)
at freecrm.Signup.Title_verification(Signup.java:32)
at freecrm.Signup.Title_verification(Signup.java:32)
at freecrm.Signup.Title_verification(Signup.java:32)
at freecrm.Signup.Title_verification(Signup.java:32)
at freecrm.Signup.Title_verification(Signup.java:32)
at freecrm.Signup.Title_verification(Signup.java:32)
at freecrm.Signup.Title_verification(Signup.java:32)
at freecrm.Signup.Title_verification(Signup.java:32)
at freecrm.Signup.Title_verification(Signup.java:32)
at freecrm.Signup.Title_verification(Signup.java:32)
at freecrm.Signup.Title_verification(Signup.java:32)
at freecrm.Signup.Title_verification(Signup.java:32)
at freecrm.Signup.Title_verification(Signup.java:32)
at freecrm.Signup.Title_verification(Signup.java:32)
at freecrm.Signup.Title_verification(Signup.java:32)
at freecrm.Signup.Title_verification(Signup.java:32)
at freecrm.Signup.Title_verification(Signup.java:32)
at freecrm.Signup.Title_verification(Signup.java:32)
at freecrm.Signup.Title_verification(Signup.java:32)
at freecrm.Signup.Title_verification(Signup.java:32)
at freecrm.Signup.Title_verification(Signup.java:32)
at freecrm.Signup.Title_verification(Signup.java:32)
at freecrm.Signup.Title_verification(Signup.java:32)
at freecrm.Signup.Title_verification(Signup.java:32)
at freecrm.Signup.Title_verification(Signup.java:32)
at freecrm.Signup.Title_verification(Signup.java:32)
at freecrm.Signup.Title_verification(Signup.java:32)
at freecrm.Signup.Title_verification(Signup.java:32)
]]>
    </failure>
  </testcase> <!-- Title_verification -->
  <testcase name="initialization" time="23.36" classname="freecrm.Signup"/>
  <testcase name="signup" time="22.485" classname="freecrm.Signup">
    <failure type="org.openqa.selenium.WebDriverException" message="chrome not reachable
  (Session info: chrome=85.0.4183.121)
Build info: version: &amp;apos;3.141.59&amp;apos;, revision: &amp;apos;e82be7d358&amp;apos;, time: &amp;apos;2018-11-14T08:25:48&amp;apos;
System info: host: &amp;apos;DESKTOP-CK5OVN5&amp;apos;, ip: &amp;apos;192.168.1.3&amp;apos;, os.name: &amp;apos;Windows 10&amp;apos;, os.arch: &amp;apos;amd64&amp;apos;, os.version: &amp;apos;10.0&amp;apos;, java.version: &amp;apos;1.8.0_191&amp;apos;
Driver info: org.openqa.selenium.chrome.ChromeDriver
Capabilities {acceptInsecureCerts: false, browserName: chrome, browserVersion: 85.0.4183.121, chrome: {chromedriverVersion: 85.0.4183.87 (cd6713ebf92fa..., userDataDir: C:\Users\wankh\AppData\Loca...}, goog:chromeOptions: {debuggerAddress: localhost:63551}, javascriptEnabled: true, networkConnectionEnabled: false, pageLoadStrategy: normal, platform: WINDOWS, platformName: WINDOWS, proxy: Proxy(), setWindowRect: true, strictFileInteractability: false, timeouts: {implicit: 0, pageLoad: 300000, script: 30000}, unhandledPromptBehavior: dismiss and notify, webauthn:virtualAuthenticators: true}
Session ID: 18eb491cdbc863e537940601309b68a9
*** Element info: {Using=xpath, value=//input[@id=&amp;apos;customer_lastname&amp;apos;]}">
      <![CDATA[org.openqa.selenium.WebDriverException: chrome not reachable
  (Session info: chrome=85.0.4183.121)
Build info: version: '3.141.59', revision: 'e82be7d358', time: '2018-11-14T08:25:48'
System info: host: 'DESKTOP-CK5OVN5', ip: '192.168.1.3', os.name: 'Windows 10', os.arch: 'amd64', os.version: '10.0', java.version: '1.8.0_191'
Driver info: org.openqa.selenium.chrome.ChromeDriver
Capabilities {acceptInsecureCerts: false, browserName: chrome, browserVersion: 85.0.4183.121, chrome: {chromedriverVersion: 85.0.4183.87 (cd6713ebf92fa..., userDataDir: C:\Users\wankh\AppData\Loca...}, goog:chromeOptions: {debuggerAddress: localhost:63551}, javascriptEnabled: true, networkConnectionEnabled: false, pageLoadStrategy: normal, platform: WINDOWS, platformName: WINDOWS, proxy: Proxy(), setWindowRect: true, strictFileInteractability: false, timeouts: {implicit: 0, pageLoad: 300000, script: 30000}, unhandledPromptBehavior: dismiss and notify, webauthn:virtualAuthenticators: true}
Session ID: 18eb491cdbc863e537940601309b68a9
*** Element info: {Using=xpath, value=//input[@id='customer_lastname']}
at org.openqa.selenium.remote.http.W3CHttpResponseCodec.createException(W3CHttpResponseCodec.java:187)
at org.openqa.selenium.remote.http.W3CHttpResponseCodec.decode(W3CHttpResponseCodec.java:122)
at org.openqa.selenium.remote.http.W3CHttpResponseCodec.decode(W3CHttpResponseCodec.java:49)
at org.openqa.selenium.remote.HttpCommandExecutor.execute(HttpCommandExecutor.java:158)
at org.openqa.selenium.remote.service.DriverCommandExecutor.execute(DriverCommandExecutor.java:83)
at org.openqa.selenium.remote.RemoteWebDriver.execute(RemoteWebDriver.java:552)
at org.openqa.selenium.remote.RemoteWebDriver.findElement(RemoteWebDriver.java:323)
at org.openqa.selenium.remote.RemoteWebDriver.findElementByXPath(RemoteWebDriver.java:428)
at org.openqa.selenium.By$ByXPath.findElement(By.java:353)
at org.openqa.selenium.remote.RemoteWebDriver.findElement(RemoteWebDriver.java:315)
at freecrm.Accountcreation.accontcreation(Accountcreation.java:45)
at freecrm.Signup.signup(Signup.java:44)
at java.util.ArrayList.forEach(Unknown Source)
... Removed 31 stack frames]]>
    </failure>
  </testcase> <!-- signup -->
</testsuite> <!-- Signup -->
